<?xml version="1.0" encoding="UTF-8"?>
<testsuite xmlns:xsi="http://www.w3.org/2001/XMLSchema-instance" xsi:noNamespaceSchemaLocation="https://maven.apache.org/surefire/maven-surefire-plugin/xsd/surefire-test-report-3.0.xsd" version="3.0" name="net.java.projectmanager.controllerstests.ProjectControllerTests" time="4.411" tests="5" errors="0" skipped="0" failures="0">
  <properties>
    <property name="java.specification.version" value="20"/>
    <property name="sun.cpu.isalist" value="amd64"/>
    <property name="sun.jnu.encoding" value="Cp1252"/>
    <property name="java.class.path" value="C:\backend\ProjectManagerBackend\target\test-classes;C:\backend\ProjectManagerBackend\target\classes;C:\Users\peter.pham\.m2\repository\org\springframework\boot\spring-boot-starter-data-jdbc\3.2.0-M1\spring-boot-starter-data-jdbc-3.2.0-M1.jar;C:\Users\peter.pham\.m2\repository\org\springframework\boot\spring-boot-starter-jdbc\3.2.0-M1\spring-boot-starter-jdbc-3.2.0-M1.jar;C:\Users\peter.pham\.m2\repository\com\zaxxer\HikariCP\5.0.1\HikariCP-5.0.1.jar;C:\Users\peter.pham\.m2\repository\org\springframework\spring-jdbc\6.1.0-M3\spring-jdbc-6.1.0-M3.jar;C:\Users\peter.pham\.m2\repository\org\springframework\data\spring-data-jdbc\3.2.0-M1\spring-data-jdbc-3.2.0-M1.jar;C:\Users\peter.pham\.m2\repository\org\springframework\data\spring-data-relational\3.2.0-M1\spring-data-relational-3.2.0-M1.jar;C:\Users\peter.pham\.m2\repository\org\springframework\data\spring-data-commons\3.2.0-M1\spring-data-commons-3.2.0-M1.jar;C:\Users\peter.pham\.m2\repository\org\springframework\spring-tx\6.1.0-M3\spring-tx-6.1.0-M3.jar;C:\Users\peter.pham\.m2\repository\org\springframework\spring-context\6.1.0-M3\spring-context-6.1.0-M3.jar;C:\Users\peter.pham\.m2\repository\org\springframework\spring-beans\6.1.0-M3\spring-beans-6.1.0-M3.jar;C:\Users\peter.pham\.m2\repository\org\slf4j\slf4j-api\2.0.7\slf4j-api-2.0.7.jar;C:\Users\peter.pham\.m2\repository\org\springframework\boot\spring-boot-starter-web\3.2.0-M1\spring-boot-starter-web-3.2.0-M1.jar;C:\Users\peter.pham\.m2\repository\org\springframework\boot\spring-boot-starter\3.2.0-M1\spring-boot-starter-3.2.0-M1.jar;C:\Users\peter.pham\.m2\repository\org\springframework\boot\spring-boot\3.2.0-M1\spring-boot-3.2.0-M1.jar;C:\Users\peter.pham\.m2\repository\org\springframework\boot\spring-boot-autoconfigure\3.2.0-M1\spring-boot-autoconfigure-3.2.0-M1.jar;C:\Users\peter.pham\.m2\repository\org\springframework\boot\spring-boot-starter-logging\3.2.0-M1\spring-boot-starter-logging-3.2.0-M1.jar;C:\Users\peter.pham\.m2\repository\ch\qos\logback\logback-classic\1.4.8\logback-classic-1.4.8.jar;C:\Users\peter.pham\.m2\repository\ch\qos\logback\logback-core\1.4.8\logback-core-1.4.8.jar;C:\Users\peter.pham\.m2\repository\org\apache\logging\log4j\log4j-to-slf4j\2.20.0\log4j-to-slf4j-2.20.0.jar;C:\Users\peter.pham\.m2\repository\org\apache\logging\log4j\log4j-api\2.20.0\log4j-api-2.20.0.jar;C:\Users\peter.pham\.m2\repository\org\slf4j\jul-to-slf4j\2.0.7\jul-to-slf4j-2.0.7.jar;C:\Users\peter.pham\.m2\repository\jakarta\annotation\jakarta.annotation-api\2.1.1\jakarta.annotation-api-2.1.1.jar;C:\Users\peter.pham\.m2\repository\org\yaml\snakeyaml\2.0\snakeyaml-2.0.jar;C:\Users\peter.pham\.m2\repository\org\springframework\boot\spring-boot-starter-json\3.2.0-M1\spring-boot-starter-json-3.2.0-M1.jar;C:\Users\peter.pham\.m2\repository\com\fasterxml\jackson\core\jackson-databind\2.15.2\jackson-databind-2.15.2.jar;C:\Users\peter.pham\.m2\repository\com\fasterxml\jackson\core\jackson-annotations\2.15.2\jackson-annotations-2.15.2.jar;C:\Users\peter.pham\.m2\repository\com\fasterxml\jackson\core\jackson-core\2.15.2\jackson-core-2.15.2.jar;C:\Users\peter.pham\.m2\repository\com\fasterxml\jackson\datatype\jackson-datatype-jdk8\2.15.2\jackson-datatype-jdk8-2.15.2.jar;C:\Users\peter.pham\.m2\repository\com\fasterxml\jackson\datatype\jackson-datatype-jsr310\2.15.2\jackson-datatype-jsr310-2.15.2.jar;C:\Users\peter.pham\.m2\repository\com\fasterxml\jackson\module\jackson-module-parameter-names\2.15.2\jackson-module-parameter-names-2.15.2.jar;C:\Users\peter.pham\.m2\repository\org\springframework\boot\spring-boot-starter-tomcat\3.2.0-M1\spring-boot-starter-tomcat-3.2.0-M1.jar;C:\Users\peter.pham\.m2\repository\org\apache\tomcat\embed\tomcat-embed-core\10.1.11\tomcat-embed-core-10.1.11.jar;C:\Users\peter.pham\.m2\repository\org\apache\tomcat\embed\tomcat-embed-el\10.1.11\tomcat-embed-el-10.1.11.jar;C:\Users\peter.pham\.m2\repository\org\apache\tomcat\embed\tomcat-embed-websocket\10.1.11\tomcat-embed-websocket-10.1.11.jar;C:\Users\peter.pham\.m2\repository\org\springframework\spring-web\6.1.0-M3\spring-web-6.1.0-M3.jar;C:\Users\peter.pham\.m2\repository\io\micrometer\micrometer-observation\1.12.0-M1\micrometer-observation-1.12.0-M1.jar;C:\Users\peter.pham\.m2\repository\io\micrometer\micrometer-commons\1.12.0-M1\micrometer-commons-1.12.0-M1.jar;C:\Users\peter.pham\.m2\repository\org\springframework\spring-webmvc\6.1.0-M3\spring-webmvc-6.1.0-M3.jar;C:\Users\peter.pham\.m2\repository\org\springframework\spring-aop\6.1.0-M3\spring-aop-6.1.0-M3.jar;C:\Users\peter.pham\.m2\repository\org\springframework\spring-expression\6.1.0-M3\spring-expression-6.1.0-M3.jar;C:\Users\peter.pham\.m2\repository\com\mysql\mysql-connector-j\8.1.0\mysql-connector-j-8.1.0.jar;C:\Users\peter.pham\.m2\repository\org\springframework\boot\spring-boot-starter-test\3.2.0-M1\spring-boot-starter-test-3.2.0-M1.jar;C:\Users\peter.pham\.m2\repository\org\springframework\boot\spring-boot-test\3.2.0-M1\spring-boot-test-3.2.0-M1.jar;C:\Users\peter.pham\.m2\repository\org\springframework\boot\spring-boot-test-autoconfigure\3.2.0-M1\spring-boot-test-autoconfigure-3.2.0-M1.jar;C:\Users\peter.pham\.m2\repository\com\jayway\jsonpath\json-path\2.8.0\json-path-2.8.0.jar;C:\Users\peter.pham\.m2\repository\jakarta\xml\bind\jakarta.xml.bind-api\4.0.0\jakarta.xml.bind-api-4.0.0.jar;C:\Users\peter.pham\.m2\repository\jakarta\activation\jakarta.activation-api\2.1.2\jakarta.activation-api-2.1.2.jar;C:\Users\peter.pham\.m2\repository\net\minidev\json-smart\2.5.0\json-smart-2.5.0.jar;C:\Users\peter.pham\.m2\repository\net\minidev\accessors-smart\2.5.0\accessors-smart-2.5.0.jar;C:\Users\peter.pham\.m2\repository\org\ow2\asm\asm\9.3\asm-9.3.jar;C:\Users\peter.pham\.m2\repository\org\assertj\assertj-core\3.24.2\assertj-core-3.24.2.jar;C:\Users\peter.pham\.m2\repository\net\bytebuddy\byte-buddy\1.14.5\byte-buddy-1.14.5.jar;C:\Users\peter.pham\.m2\repository\org\hamcrest\hamcrest\2.2\hamcrest-2.2.jar;C:\Users\peter.pham\.m2\repository\org\junit\jupiter\junit-jupiter\5.9.3\junit-jupiter-5.9.3.jar;C:\Users\peter.pham\.m2\repository\org\junit\jupiter\junit-jupiter-api\5.9.3\junit-jupiter-api-5.9.3.jar;C:\Users\peter.pham\.m2\repository\org\opentest4j\opentest4j\1.2.0\opentest4j-1.2.0.jar;C:\Users\peter.pham\.m2\repository\org\junit\platform\junit-platform-commons\1.9.3\junit-platform-commons-1.9.3.jar;C:\Users\peter.pham\.m2\repository\org\apiguardian\apiguardian-api\1.1.2\apiguardian-api-1.1.2.jar;C:\Users\peter.pham\.m2\repository\org\junit\jupiter\junit-jupiter-params\5.9.3\junit-jupiter-params-5.9.3.jar;C:\Users\peter.pham\.m2\repository\org\junit\jupiter\junit-jupiter-engine\5.9.3\junit-jupiter-engine-5.9.3.jar;C:\Users\peter.pham\.m2\repository\org\junit\platform\junit-platform-engine\1.9.3\junit-platform-engine-1.9.3.jar;C:\Users\peter.pham\.m2\repository\org\mockito\mockito-core\5.4.0\mockito-core-5.4.0.jar;C:\Users\peter.pham\.m2\repository\net\bytebuddy\byte-buddy-agent\1.14.5\byte-buddy-agent-1.14.5.jar;C:\Users\peter.pham\.m2\repository\org\objenesis\objenesis\3.3\objenesis-3.3.jar;C:\Users\peter.pham\.m2\repository\org\mockito\mockito-junit-jupiter\5.4.0\mockito-junit-jupiter-5.4.0.jar;C:\Users\peter.pham\.m2\repository\org\skyscreamer\jsonassert\1.5.1\jsonassert-1.5.1.jar;C:\Users\peter.pham\.m2\repository\com\vaadin\external\google\android-json\0.0.20131108.vaadin1\android-json-0.0.20131108.vaadin1.jar;C:\Users\peter.pham\.m2\repository\org\springframework\spring-core\6.1.0-M3\spring-core-6.1.0-M3.jar;C:\Users\peter.pham\.m2\repository\org\springframework\spring-jcl\6.1.0-M3\spring-jcl-6.1.0-M3.jar;C:\Users\peter.pham\.m2\repository\org\springframework\spring-test\6.1.0-M3\spring-test-6.1.0-M3.jar;C:\Users\peter.pham\.m2\repository\org\xmlunit\xmlunit-core\2.9.1\xmlunit-core-2.9.1.jar;C:\Users\peter.pham\.m2\repository\com\h2database\h2\2.2.220\h2-2.2.220.jar;"/>
    <property name="java.vm.vendor" value="Oracle Corporation"/>
    <property name="sun.arch.data.model" value="64"/>
    <property name="user.variant" value=""/>
    <property name="java.vendor.url" value="https://java.oracle.com/"/>
    <property name="user.timezone" value="Europe/Stockholm"/>
    <property name="user.country.format" value="SE"/>
    <property name="os.name" value="Windows 10"/>
    <property name="java.vm.specification.version" value="20"/>
    <property name="sun.java.launcher" value="SUN_STANDARD"/>
    <property name="user.country" value="US"/>
    <property name="sun.boot.library.path" value="C:\Program Files\Java\jdk-20\bin"/>
    <property name="sun.java.command" value="C:\Users\peter.pham\AppData\Local\Temp\surefire12268513697523723835\surefirebooter-20230825111749061_3.jar C:\Users\peter.pham\AppData\Local\Temp\surefire12268513697523723835 2023-08-25T11-17-48_827-jvmRun1 surefire-20230825111749061_1tmp surefire_0-20230825111749061_2tmp"/>
    <property name="jdk.debug" value="release"/>
    <property name="surefire.test.class.path" value="C:\backend\ProjectManagerBackend\target\test-classes;C:\backend\ProjectManagerBackend\target\classes;C:\Users\peter.pham\.m2\repository\org\springframework\boot\spring-boot-starter-data-jdbc\3.2.0-M1\spring-boot-starter-data-jdbc-3.2.0-M1.jar;C:\Users\peter.pham\.m2\repository\org\springframework\boot\spring-boot-starter-jdbc\3.2.0-M1\spring-boot-starter-jdbc-3.2.0-M1.jar;C:\Users\peter.pham\.m2\repository\com\zaxxer\HikariCP\5.0.1\HikariCP-5.0.1.jar;C:\Users\peter.pham\.m2\repository\org\springframework\spring-jdbc\6.1.0-M3\spring-jdbc-6.1.0-M3.jar;C:\Users\peter.pham\.m2\repository\org\springframework\data\spring-data-jdbc\3.2.0-M1\spring-data-jdbc-3.2.0-M1.jar;C:\Users\peter.pham\.m2\repository\org\springframework\data\spring-data-relational\3.2.0-M1\spring-data-relational-3.2.0-M1.jar;C:\Users\peter.pham\.m2\repository\org\springframework\data\spring-data-commons\3.2.0-M1\spring-data-commons-3.2.0-M1.jar;C:\Users\peter.pham\.m2\repository\org\springframework\spring-tx\6.1.0-M3\spring-tx-6.1.0-M3.jar;C:\Users\peter.pham\.m2\repository\org\springframework\spring-context\6.1.0-M3\spring-context-6.1.0-M3.jar;C:\Users\peter.pham\.m2\repository\org\springframework\spring-beans\6.1.0-M3\spring-beans-6.1.0-M3.jar;C:\Users\peter.pham\.m2\repository\org\slf4j\slf4j-api\2.0.7\slf4j-api-2.0.7.jar;C:\Users\peter.pham\.m2\repository\org\springframework\boot\spring-boot-starter-web\3.2.0-M1\spring-boot-starter-web-3.2.0-M1.jar;C:\Users\peter.pham\.m2\repository\org\springframework\boot\spring-boot-starter\3.2.0-M1\spring-boot-starter-3.2.0-M1.jar;C:\Users\peter.pham\.m2\repository\org\springframework\boot\spring-boot\3.2.0-M1\spring-boot-3.2.0-M1.jar;C:\Users\peter.pham\.m2\repository\org\springframework\boot\spring-boot-autoconfigure\3.2.0-M1\spring-boot-autoconfigure-3.2.0-M1.jar;C:\Users\peter.pham\.m2\repository\org\springframework\boot\spring-boot-starter-logging\3.2.0-M1\spring-boot-starter-logging-3.2.0-M1.jar;C:\Users\peter.pham\.m2\repository\ch\qos\logback\logback-classic\1.4.8\logback-classic-1.4.8.jar;C:\Users\peter.pham\.m2\repository\ch\qos\logback\logback-core\1.4.8\logback-core-1.4.8.jar;C:\Users\peter.pham\.m2\repository\org\apache\logging\log4j\log4j-to-slf4j\2.20.0\log4j-to-slf4j-2.20.0.jar;C:\Users\peter.pham\.m2\repository\org\apache\logging\log4j\log4j-api\2.20.0\log4j-api-2.20.0.jar;C:\Users\peter.pham\.m2\repository\org\slf4j\jul-to-slf4j\2.0.7\jul-to-slf4j-2.0.7.jar;C:\Users\peter.pham\.m2\repository\jakarta\annotation\jakarta.annotation-api\2.1.1\jakarta.annotation-api-2.1.1.jar;C:\Users\peter.pham\.m2\repository\org\yaml\snakeyaml\2.0\snakeyaml-2.0.jar;C:\Users\peter.pham\.m2\repository\org\springframework\boot\spring-boot-starter-json\3.2.0-M1\spring-boot-starter-json-3.2.0-M1.jar;C:\Users\peter.pham\.m2\repository\com\fasterxml\jackson\core\jackson-databind\2.15.2\jackson-databind-2.15.2.jar;C:\Users\peter.pham\.m2\repository\com\fasterxml\jackson\core\jackson-annotations\2.15.2\jackson-annotations-2.15.2.jar;C:\Users\peter.pham\.m2\repository\com\fasterxml\jackson\core\jackson-core\2.15.2\jackson-core-2.15.2.jar;C:\Users\peter.pham\.m2\repository\com\fasterxml\jackson\datatype\jackson-datatype-jdk8\2.15.2\jackson-datatype-jdk8-2.15.2.jar;C:\Users\peter.pham\.m2\repository\com\fasterxml\jackson\datatype\jackson-datatype-jsr310\2.15.2\jackson-datatype-jsr310-2.15.2.jar;C:\Users\peter.pham\.m2\repository\com\fasterxml\jackson\module\jackson-module-parameter-names\2.15.2\jackson-module-parameter-names-2.15.2.jar;C:\Users\peter.pham\.m2\repository\org\springframework\boot\spring-boot-starter-tomcat\3.2.0-M1\spring-boot-starter-tomcat-3.2.0-M1.jar;C:\Users\peter.pham\.m2\repository\org\apache\tomcat\embed\tomcat-embed-core\10.1.11\tomcat-embed-core-10.1.11.jar;C:\Users\peter.pham\.m2\repository\org\apache\tomcat\embed\tomcat-embed-el\10.1.11\tomcat-embed-el-10.1.11.jar;C:\Users\peter.pham\.m2\repository\org\apache\tomcat\embed\tomcat-embed-websocket\10.1.11\tomcat-embed-websocket-10.1.11.jar;C:\Users\peter.pham\.m2\repository\org\springframework\spring-web\6.1.0-M3\spring-web-6.1.0-M3.jar;C:\Users\peter.pham\.m2\repository\io\micrometer\micrometer-observation\1.12.0-M1\micrometer-observation-1.12.0-M1.jar;C:\Users\peter.pham\.m2\repository\io\micrometer\micrometer-commons\1.12.0-M1\micrometer-commons-1.12.0-M1.jar;C:\Users\peter.pham\.m2\repository\org\springframework\spring-webmvc\6.1.0-M3\spring-webmvc-6.1.0-M3.jar;C:\Users\peter.pham\.m2\repository\org\springframework\spring-aop\6.1.0-M3\spring-aop-6.1.0-M3.jar;C:\Users\peter.pham\.m2\repository\org\springframework\spring-expression\6.1.0-M3\spring-expression-6.1.0-M3.jar;C:\Users\peter.pham\.m2\repository\com\mysql\mysql-connector-j\8.1.0\mysql-connector-j-8.1.0.jar;C:\Users\peter.pham\.m2\repository\org\springframework\boot\spring-boot-starter-test\3.2.0-M1\spring-boot-starter-test-3.2.0-M1.jar;C:\Users\peter.pham\.m2\repository\org\springframework\boot\spring-boot-test\3.2.0-M1\spring-boot-test-3.2.0-M1.jar;C:\Users\peter.pham\.m2\repository\org\springframework\boot\spring-boot-test-autoconfigure\3.2.0-M1\spring-boot-test-autoconfigure-3.2.0-M1.jar;C:\Users\peter.pham\.m2\repository\com\jayway\jsonpath\json-path\2.8.0\json-path-2.8.0.jar;C:\Users\peter.pham\.m2\repository\jakarta\xml\bind\jakarta.xml.bind-api\4.0.0\jakarta.xml.bind-api-4.0.0.jar;C:\Users\peter.pham\.m2\repository\jakarta\activation\jakarta.activation-api\2.1.2\jakarta.activation-api-2.1.2.jar;C:\Users\peter.pham\.m2\repository\net\minidev\json-smart\2.5.0\json-smart-2.5.0.jar;C:\Users\peter.pham\.m2\repository\net\minidev\accessors-smart\2.5.0\accessors-smart-2.5.0.jar;C:\Users\peter.pham\.m2\repository\org\ow2\asm\asm\9.3\asm-9.3.jar;C:\Users\peter.pham\.m2\repository\org\assertj\assertj-core\3.24.2\assertj-core-3.24.2.jar;C:\Users\peter.pham\.m2\repository\net\bytebuddy\byte-buddy\1.14.5\byte-buddy-1.14.5.jar;C:\Users\peter.pham\.m2\repository\org\hamcrest\hamcrest\2.2\hamcrest-2.2.jar;C:\Users\peter.pham\.m2\repository\org\junit\jupiter\junit-jupiter\5.9.3\junit-jupiter-5.9.3.jar;C:\Users\peter.pham\.m2\repository\org\junit\jupiter\junit-jupiter-api\5.9.3\junit-jupiter-api-5.9.3.jar;C:\Users\peter.pham\.m2\repository\org\opentest4j\opentest4j\1.2.0\opentest4j-1.2.0.jar;C:\Users\peter.pham\.m2\repository\org\junit\platform\junit-platform-commons\1.9.3\junit-platform-commons-1.9.3.jar;C:\Users\peter.pham\.m2\repository\org\apiguardian\apiguardian-api\1.1.2\apiguardian-api-1.1.2.jar;C:\Users\peter.pham\.m2\repository\org\junit\jupiter\junit-jupiter-params\5.9.3\junit-jupiter-params-5.9.3.jar;C:\Users\peter.pham\.m2\repository\org\junit\jupiter\junit-jupiter-engine\5.9.3\junit-jupiter-engine-5.9.3.jar;C:\Users\peter.pham\.m2\repository\org\junit\platform\junit-platform-engine\1.9.3\junit-platform-engine-1.9.3.jar;C:\Users\peter.pham\.m2\repository\org\mockito\mockito-core\5.4.0\mockito-core-5.4.0.jar;C:\Users\peter.pham\.m2\repository\net\bytebuddy\byte-buddy-agent\1.14.5\byte-buddy-agent-1.14.5.jar;C:\Users\peter.pham\.m2\repository\org\objenesis\objenesis\3.3\objenesis-3.3.jar;C:\Users\peter.pham\.m2\repository\org\mockito\mockito-junit-jupiter\5.4.0\mockito-junit-jupiter-5.4.0.jar;C:\Users\peter.pham\.m2\repository\org\skyscreamer\jsonassert\1.5.1\jsonassert-1.5.1.jar;C:\Users\peter.pham\.m2\repository\com\vaadin\external\google\android-json\0.0.20131108.vaadin1\android-json-0.0.20131108.vaadin1.jar;C:\Users\peter.pham\.m2\repository\org\springframework\spring-core\6.1.0-M3\spring-core-6.1.0-M3.jar;C:\Users\peter.pham\.m2\repository\org\springframework\spring-jcl\6.1.0-M3\spring-jcl-6.1.0-M3.jar;C:\Users\peter.pham\.m2\repository\org\springframework\spring-test\6.1.0-M3\spring-test-6.1.0-M3.jar;C:\Users\peter.pham\.m2\repository\org\xmlunit\xmlunit-core\2.9.1\xmlunit-core-2.9.1.jar;C:\Users\peter.pham\.m2\repository\com\h2database\h2\2.2.220\h2-2.2.220.jar;"/>
    <property name="sun.cpu.endian" value="little"/>
    <property name="user.home" value="C:\Users\peter.pham"/>
    <property name="user.language" value="en"/>
    <property name="java.specification.vendor" value="Oracle Corporation"/>
    <property name="java.version.date" value="2023-04-18"/>
    <property name="java.home" value="C:\Program Files\Java\jdk-20"/>
    <property name="file.separator" value="\"/>
    <property name="basedir" value="C:\backend\ProjectManagerBackend"/>
    <property name="java.vm.compressedOopsMode" value="Zero based"/>
    <property name="line.separator" value="&#10;"/>
    <property name="java.vm.specification.vendor" value="Oracle Corporation"/>
    <property name="java.specification.name" value="Java Platform API Specification"/>
    <property name="FILE_LOG_CHARSET" value="UTF-8"/>
    <property name="java.awt.headless" value="true"/>
    <property name="surefire.real.class.path" value="C:\Users\peter.pham\AppData\Local\Temp\surefire12268513697523723835\surefirebooter-20230825111749061_3.jar"/>
    <property name="user.script" value=""/>
    <property name="sun.management.compiler" value="HotSpot 64-Bit Tiered Compilers"/>
    <property name="java.runtime.version" value="20.0.1+9-29"/>
    <property name="user.name" value="peter.pham"/>
    <property name="stdout.encoding" value="Cp1252"/>
    <property name="path.separator" value=";"/>
    <property name="os.version" value="10.0"/>
    <property name="java.runtime.name" value="Java(TM) SE Runtime Environment"/>
    <property name="file.encoding" value="UTF-8"/>
    <property name="java.vm.name" value="Java HotSpot(TM) 64-Bit Server VM"/>
    <property name="localRepository" value="C:\Users\peter.pham\.m2\repository"/>
    <property name="java.vendor.url.bug" value="https://bugreport.java.com/bugreport/"/>
    <property name="java.io.tmpdir" value="C:\Users\PETER~1.PHA\AppData\Local\Temp\"/>
    <property name="java.version" value="20.0.1"/>
    <property name="user.dir" value="C:\backend\ProjectManagerBackend"/>
    <property name="os.arch" value="amd64"/>
    <property name="java.vm.specification.name" value="Java Virtual Machine Specification"/>
    <property name="PID" value="25700"/>
    <property name="user.language.format" value="sv"/>
    <property name="sun.os.patch.level" value=""/>
    <property name="CONSOLE_LOG_CHARSET" value="UTF-8"/>
    <property name="native.encoding" value="Cp1252"/>
    <property name="java.library.path" value="C:\Program Files\Java\jdk-20\bin;C:\WINDOWS\Sun\Java\bin;C:\WINDOWS\system32;C:\WINDOWS;C:\Program Files\Microsoft SDKs\Azure\CLI2\wbin;C:\Program Files\Common Files\Oracle\Java\javapath;C:\WINDOWS\system32;C:\WINDOWS;C:\WINDOWS\System32\Wbem;C:\WINDOWS\System32\WindowsPowerShell\v1.0\;C:\WINDOWS\System32\OpenSSH\;C:\Program Files (x86)\NVIDIA Corporation\PhysX\Common;C:\Program Files (x86)\Pulse Secure\VC142.CRT\X64\;C:\Program Files (x86)\Pulse Secure\VC142.CRT\X86\;C:\Program Files (x86)\Common Files\Pulse Secure\TNC Client Plugin\;C:\Program Files\nodejs\;C:\Program Files\Git\cmd;C:\Program Files\apache-maven-3.9.3\bin;C:\Program Files\Java\jdk-20\bin;C:\Program Files\MySQL\MySQL Server 8.1\bin;;C:\Program Files\Docker\Docker\resources\bin;C:\Program Files\Amazon\AWSCLIV2\;C:\Users\peter.pham\AppData\Local\Microsoft\WindowsApps;C:\Users\peter.pham\AppData\Roaming\npm;C:\Users\peter.pham\AppData\Local\Programs\Microsoft VS Code\bin;C:\Program Files\JetBrains\IntelliJ IDEA Community Edition 2023.1.2\bin;;."/>
    <property name="java.vm.info" value="mixed mode, sharing"/>
    <property name="stderr.encoding" value="Cp1252"/>
    <property name="java.vendor" value="Oracle Corporation"/>
    <property name="java.vm.version" value="20.0.1+9-29"/>
    <property name="sun.io.unicode.encoding" value="UnicodeLittle"/>
    <property name="java.class.version" value="64.0"/>
  </properties>
  <testcase name="testIfReturnResponseProjects" classname="net.java.projectmanager.controllerstests.ProjectControllerTests" time="0.302">
    <system-out><![CDATA[11:17:50.350 [main] INFO org.springframework.test.context.support.AnnotationConfigContextLoaderUtils -- Could not detect default configuration classes for test class [net.java.projectmanager.controllerstests.ProjectControllerTests]: ProjectControllerTests does not declare any static, non-private, non-final, nested classes annotated with @Configuration.
11:17:50.522 [main] INFO org.springframework.boot.test.context.SpringBootTestContextBootstrapper -- Found @SpringBootConfiguration net.java.projectmanager.ProjectManager for test class net.java.projectmanager.controllerstests.ProjectControllerTests

  .   ____          _            __ _ _
 /\\ / ___'_ __ _ _(_)_ __  __ _ \ \ \ \
( ( )\___ | '_ | '_| | '_ \/ _` | \ \ \ \
 \\/  ___)| |_)| | | | | || (_| |  ) ) ) )
  '  |____| .__|_| |_|_| |_\__, | / / / /
 =========|_|==============|___/=/_/_/_/
 :: Spring Boot ::             (v3.2.0-M1)

2023-08-25T11:17:51.092+02:00  INFO 25700 --- [           main] n.j.p.c.ProjectControllerTests           : Starting ProjectControllerTests using Java 20.0.1 with PID 25700 (started by peter.pham in C:\backend\ProjectManagerBackend)
2023-08-25T11:17:51.094+02:00  INFO 25700 --- [           main] n.j.p.c.ProjectControllerTests           : The following 1 profile is active: "prod"
2023-08-25T11:17:53.976+02:00  INFO 25700 --- [           main] o.s.b.t.m.w.SpringBootMockServletContext : Initializing Spring TestDispatcherServlet ''
2023-08-25T11:17:53.976+02:00  INFO 25700 --- [           main] o.s.t.web.servlet.TestDispatcherServlet  : Initializing Servlet ''
2023-08-25T11:17:53.981+02:00  INFO 25700 --- [           main] o.s.t.web.servlet.TestDispatcherServlet  : Completed initialization in 2 ms
2023-08-25T11:17:54.028+02:00  INFO 25700 --- [           main] n.j.p.c.ProjectControllerTests           : Started ProjectControllerTests in 3.428 seconds (process running for 4.618)
]]></system-out>
  </testcase>
  <testcase name="testIfDeleteReturnOne" classname="net.java.projectmanager.controllerstests.ProjectControllerTests" time="0.055">
    <system-out><![CDATA[
MockHttpServletRequest:
      HTTP Method = DELETE
      Request URI = /1
       Parameters = {}
          Headers = [Content-Type:"application/json;charset=UTF-8"]
             Body = null
    Session Attrs = {}

Handler:
             Type = net.java.projectmanager.controllers.ProjectController
           Method = net.java.projectmanager.controllers.ProjectController#deleteProject(String)

Async:
    Async started = false
     Async result = null

Resolved Exception:
             Type = null

ModelAndView:
        View name = null
             View = null
            Model = null

FlashMap:
       Attributes = null

MockHttpServletResponse:
           Status = 200
    Error message = null
          Headers = [Vary:"Origin", "Access-Control-Request-Method", "Access-Control-Request-Headers", Content-Type:"application/json"]
     Content type = application/json
             Body = {"message":"Successfully deleted","status":200,"result":1,"timeStamp":"2023-08-25T11:17:54.3853851+02:00"}
    Forwarded URL = null
   Redirected URL = null
          Cookies = []
]]></system-out>
  </testcase>
  <testcase name="testIfReturnOneInResultResponse" classname="net.java.projectmanager.controllerstests.ProjectControllerTests" time="0.082">
    <system-out><![CDATA[
MockHttpServletRequest:
      HTTP Method = POST
      Request URI = /
       Parameters = {}
          Headers = [Content-Type:"application/json;charset=UTF-8", Content-Length:"91"]
             Body = {"id":"1","title":"test","details":"test detail","isCompleted":true,"created":"2023-08-25"}
    Session Attrs = {}

Handler:
             Type = net.java.projectmanager.controllers.ProjectController
           Method = net.java.projectmanager.controllers.ProjectController#addProject(Project)

Async:
    Async started = false
     Async result = null

Resolved Exception:
             Type = null

ModelAndView:
        View name = null
             View = null
            Model = null

FlashMap:
       Attributes = null

MockHttpServletResponse:
           Status = 200
    Error message = null
          Headers = [Vary:"Origin", "Access-Control-Request-Method", "Access-Control-Request-Headers", Content-Type:"application/json"]
     Content type = application/json
             Body = {"message":"Successfully added","status":200,"result":1,"timeStamp":"2023-08-25T11:17:54.4795157+02:00"}
    Forwarded URL = null
   Redirected URL = null
          Cookies = []
]]></system-out>
  </testcase>
  <testcase name="testIfReturnUpdatedProject" classname="net.java.projectmanager.controllerstests.ProjectControllerTests" time="0.015">
    <system-out><![CDATA[
MockHttpServletRequest:
      HTTP Method = PUT
      Request URI = /
       Parameters = {}
          Headers = [Content-Type:"application/json;charset=UTF-8", Content-Length:"96"]
             Body = {"id":"1","title":"updated title","details":"updated","isCompleted":true,"created":"2023-08-25"}
    Session Attrs = {}

Handler:
             Type = net.java.projectmanager.controllers.ProjectController
           Method = net.java.projectmanager.controllers.ProjectController#updateProject(Project)

Async:
    Async started = false
     Async result = null

Resolved Exception:
             Type = null

ModelAndView:
        View name = null
             View = null
            Model = null

FlashMap:
       Attributes = null

MockHttpServletResponse:
           Status = 200
    Error message = null
          Headers = [Vary:"Origin", "Access-Control-Request-Method", "Access-Control-Request-Headers", Content-Type:"application/json"]
     Content type = application/json
             Body = {"message":"Successfully updated","status":200,"result":{"id":"1","title":"updated title","details":"updated","isCompleted":true,"created":"2023-08-25"},"timeStamp":"2023-08-25T11:17:54.4956474+02:00"}
    Forwarded URL = null
   Redirected URL = null
          Cookies = []
]]></system-out>
  </testcase>
  <testcase name="testIfReturnResponseFoundProject" classname="net.java.projectmanager.controllerstests.ProjectControllerTests" time="0.007"/>
</testsuite>